<?xml version="1.0" encoding="UTF-8"?>
<!-- Generated by org.testng.reporters.JUnitReportReporter -->
<testsuite hostname="rahul-VAIO" name="Testng.AsertacitimeTest" tests="2" failures="0" timestamp="5 Apr 2016 14:39:33 GMT" time="0.009" errors="0">
  <testcase name="createcustomerTest" time="0.008" classname="Testng.AsertacitimeTest"/>
  <testcase name="modifycustomerTest" time="0.001" classname="Testng.AsertacitimeTest"/>
</testsuite> <!-- Testng.AsertacitimeTest -->
