<?xml version="1.0" encoding="UTF-8"?>
<!-- Generated by org.testng.reporters.JUnitReportReporter -->
<testsuite hostname="38fn-ynar" name="seleniumfile.Newfile" tests="1" failures="0" timestamp="7 Mar 2017 07:14:01 GMT" time="0.013" errors="0">
  <testcase name="profile" time="0.013" classname="seleniumfile.Newfile"/>
</testsuite> <!-- seleniumfile.Newfile -->
