<?xml version="1.0" encoding="UTF-8"?>
<!-- Generated by org.testng.reporters.JUnitReportReporter -->
<testsuite hostname="38fn-ynar" name="seleniumfile.Screenshot" tests="1" failures="0" timestamp="6 Mar 2017 14:34:51 GMT" time="251.514" errors="0">
  <testcase name="Test" time="251.514" classname="seleniumfile.Screenshot"/>
</testsuite> <!-- seleniumfile.Screenshot -->
