<?xml version="1.0" encoding="UTF-8"?>
<!-- Generated by org.testng.reporters.JUnitReportReporter -->
<testsuite hostname="rahul-VAIO" name="filehandling.Getrowcount" tests="1" failures="0" timestamp="7 Apr 2016 19:40:50 GMT" time="0.741" errors="0">
  <testcase name="CreateCustomerTest" time="0.741" classname="filehandling.Getrowcount"/>
</testsuite> <!-- filehandling.Getrowcount -->
