<?xml version="1.0" encoding="UTF-8"?>
<!-- Generated by org.testng.reporters.JUnitReportReporter -->
<testsuite hostname="rahul-VAIO" name="filehandling.Datafrom1col" tests="1" failures="0" timestamp="7 Apr 2016 20:11:03 GMT" time="0.776" errors="0">
  <testcase name="CreateCustomerTest" time="0.776" classname="filehandling.Datafrom1col"/>
</testsuite> <!-- filehandling.Datafrom1col -->
