<?xml version="1.0" encoding="UTF-8"?>
<!-- Generated by org.testng.reporters.JUnitReportReporter -->
<testsuite hostname="rahul-VAIO" name="filehandling.DatabackToExcel" tests="1" failures="0" timestamp="7 Apr 2016 19:56:48 GMT" time="1.026" errors="0">
  <testcase name="CreateCustomerTest" time="1.026" classname="filehandling.DatabackToExcel"/>
</testsuite> <!-- filehandling.DatabackToExcel -->
