<?xml version="1.0" encoding="UTF-8"?>
<!-- Generated by org.testng.reporters.JUnitReportReporter -->
<testsuite hostname="rahul-VAIO" name="filehandling.projectAndcustomerTest" tests="1" failures="0" timestamp="7 Apr 2016 19:32:58 GMT" time="0.792" errors="0">
  <testcase name="CreateCustomerTest" time="0.792" classname="filehandling.projectAndcustomerTest"/>
</testsuite> <!-- filehandling.projectAndcustomerTest -->
